INFO: Applying HLS Y2K22 patch v1.2 for IP revision
INFO: [HLS 200-10] Running '/tools/Xilinx/Vitis_HLS/2020.2/bin/unwrapped/lnx64.o/vitis_hls'
INFO: [HLS 200-10] For user 'delinm' on host 'delinm-GF63-Thin-10SCSR' (Linux_x86_64 version 5.15.0-139-generic) on Tue Oct 07 14:54:40 CEST 2025
INFO: [HLS 200-10] On os Ubuntu 20.04.6 LTS
INFO: [HLS 200-10] In directory '/home/delinm/Documents/Embeded_Systems-main/LAB_6'
Sourcing Tcl script '/home/delinm/Documents/Embeded_Systems-main/LAB_6/lab6/solution1/export.tcl'
INFO: [HLS 200-1510] Running: open_project lab6 
INFO: [HLS 200-10] Opening project '/home/delinm/Documents/Embeded_Systems-main/LAB_6/lab6'.
INFO: [HLS 200-1510] Running: set_top foo 
INFO: [HLS 200-1510] Running: add_files trial_1.cpp 
INFO: [HLS 200-10] Adding design file 'trial_1.cpp' to the project
INFO: [HLS 200-1510] Running: add_files -tb example_hls_tb.cpp 
INFO: [HLS 200-10] Adding test bench file 'example_hls_tb.cpp' to the project
INFO: [HLS 200-1510] Running: add_files -tb trial_1.cpp 
INFO: [HLS 200-10] Adding test bench file 'trial_1.cpp' to the project
INFO: [HLS 200-1510] Running: open_solution solution1 -flow_target vivado 
INFO: [HLS 200-10] Opening solution '/home/delinm/Documents/Embeded_Systems-main/LAB_6/lab6/solution1'.
INFO: [SYN 201-201] Setting up clock 'default' with a period of 10ns.
INFO: [HLS 200-10] Setting target device to 'xc7z020-clg400-1'
INFO: [HLS 200-1505] Using flow_target 'vivado'
Resolution: For help on HLS 200-1505 see www.xilinx.com/cgi-bin/docs/rdoc?v=2020.2;t=hls+guidance;d=200-1505.html
INFO: [HLS 200-1464] Running solution command: config_export -format=ip_catalog
INFO: [HLS 200-1464] Running solution command: config_export -output=/home/delinm/Documents/Embeded_Systems-main/LAB_6/lab6/foo.zip
INFO: [HLS 200-1464] Running solution command: config_export -rtl=vhdl
INFO: [HLS 200-1510] Running: set_part xc7z020clg400-1 
INFO: [HLS 200-1510] Running: create_clock -period 10 -name default 
INFO: [SYN 201-201] Setting up clock 'default' with a period of 10ns.
INFO: [HLS 200-1510] Running: config_export -format ip_catalog -output /home/delinm/Documents/Embeded_Systems-main/LAB_6/lab6/foo.zip -rtl vhdl 
INFO: [HLS 200-1510] Running: export_design -rtl vhdl -format ip_catalog -output /home/delinm/Documents/Embeded_Systems-main/LAB_6/lab6/foo.zip 
INFO: [IMPL 213-8] Exporting RTL as a Vivado IP.

****** Vivado v2020.2 (64-bit)
  **** SW Build 3064766 on Wed Nov 18 09:12:47 MST 2020
  **** IP Build 3064653 on Wed Nov 18 14:17:31 MST 2020
    ** Copyright 1986-2020 Xilinx, Inc. All Rights Reserved.

source run_ippack.tcl -notrace
INFO: [IP_Flow 19-234] Refreshing IP repositories
INFO: [IP_Flow 19-1704] No user IP repositories specified
INFO: [IP_Flow 19-2313] Loaded Vivado IP repository '/tools/Xilinx/Vivado/2020.2/data/ip'.
INFO: [Common 17-206] Exiting Vivado at Tue Oct  7 14:54:51 2025...
INFO: [HLS 200-802] Generated output file lab6/foo.zip
INFO: [HLS 200-111] Finished Command export_design CPU user time: 11.59 seconds. CPU system time: 0.84 seconds. Elapsed time: 20.24 seconds; current allocated memory: 101.103 MB.
