
*** Running vivado
    with args -log design_1_rst_ps7_0_100M_0.vds -m64 -product Vivado -mode batch -messageDb vivado.pb -notrace -source design_1_rst_ps7_0_100M_0.tcl


****** Vivado v2020.2 (64-bit)
  **** SW Build 3064766 on Wed Nov 18 09:12:47 MST 2020
  **** IP Build 3064653 on Wed Nov 18 14:17:31 MST 2020
    ** Copyright 1986-2020 Xilinx, Inc. All Rights Reserved.

source design_1_rst_ps7_0_100M_0.tcl -notrace
INFO: [IP_Flow 19-234] Refreshing IP repositories
INFO: [IP_Flow 19-1700] Loaded user IP repository '/home/delinm/Documents/Embeded_Systems-main/Assign_3/FPGA_AI/src/hls/AI_HLS/nn_inference'.
INFO: [IP_Flow 19-2313] Loaded Vivado IP repository '/tools/Xilinx/Vivado/2020.2/data/ip'.
Command: synth_design -top design_1_rst_ps7_0_100M_0 -part xc7z020clg400-1 -mode out_of_context
Starting synth_design
Attempting to get a license for feature 'Synthesis' and/or device 'xc7z020'
INFO: [Common 17-349] Got license for feature 'Synthesis' and/or device 'xc7z020'
INFO: [Device 21-403] Loading part xc7z020clg400-1
INFO: [Synth 8-7079] Multithreading enabled for synth_design using a maximum of 4 processes.
INFO: [Synth 8-7078] Launching helper process for spawning children vivado processes
INFO: [Synth 8-7075] Helper process launched with PID 39806
---------------------------------------------------------------------------------
Starting RTL Elaboration : Time (s): cpu = 00:00:04 ; elapsed = 00:00:05 . Memory (MB): peak = 2299.324 ; gain = 0.000 ; free physical = 1565 ; free virtual = 2926
---------------------------------------------------------------------------------
INFO: [Synth 8-638] synthesizing module 'design_1_rst_ps7_0_100M_0' [/home/delinm/Documents/Embeded_Systems-main/Assign_3/FPGA_AI/src/vhdl/AI_trial/AI_trial.gen/sources_1/bd/design_1/ip/design_1_rst_ps7_0_100M_0/synth/design_1_rst_ps7_0_100M_0.vhd:74]
	Parameter C_FAMILY bound to: zynq - type: string 
	Parameter C_EXT_RST_WIDTH bound to: 4 - type: integer 
	Parameter C_AUX_RST_WIDTH bound to: 4 - type: integer 
	Parameter C_EXT_RESET_HIGH bound to: 1'b0 
	Parameter C_AUX_RESET_HIGH bound to: 1'b0 
	Parameter C_NUM_BUS_RST bound to: 1 - type: integer 
	Parameter C_NUM_PERP_RST bound to: 1 - type: integer 
	Parameter C_NUM_INTERCONNECT_ARESETN bound to: 1 - type: integer 
	Parameter C_NUM_PERP_ARESETN bound to: 1 - type: integer 
INFO: [Synth 8-3491] module 'proc_sys_reset' declared at '/home/delinm/Documents/Embeded_Systems-main/Assign_3/FPGA_AI/src/vhdl/AI_trial/AI_trial.gen/sources_1/bd/design_1/ipshared/8842/hdl/proc_sys_reset_v5_0_vh_rfs.vhd:1264' bound to instance 'U0' of component 'proc_sys_reset' [/home/delinm/Documents/Embeded_Systems-main/Assign_3/FPGA_AI/src/vhdl/AI_trial/AI_trial.gen/sources_1/bd/design_1/ip/design_1_rst_ps7_0_100M_0/synth/design_1_rst_ps7_0_100M_0.vhd:129]
INFO: [Synth 8-638] synthesizing module 'proc_sys_reset' [/home/delinm/Documents/Embeded_Systems-main/Assign_3/FPGA_AI/src/vhdl/AI_trial/AI_trial.gen/sources_1/bd/design_1/ipshared/8842/hdl/proc_sys_reset_v5_0_vh_rfs.vhd:1323]
	Parameter C_FAMILY bound to: zynq - type: string 
	Parameter C_EXT_RST_WIDTH bound to: 4 - type: integer 
	Parameter C_AUX_RST_WIDTH bound to: 4 - type: integer 
	Parameter C_EXT_RESET_HIGH bound to: 1'b0 
	Parameter C_AUX_RESET_HIGH bound to: 1'b0 
	Parameter C_NUM_BUS_RST bound to: 1 - type: integer 
	Parameter C_NUM_PERP_RST bound to: 1 - type: integer 
	Parameter C_NUM_INTERCONNECT_ARESETN bound to: 1 - type: integer 
	Parameter C_NUM_PERP_ARESETN bound to: 1 - type: integer 
	Parameter INIT bound to: 1'b1 
	Parameter IS_C_INVERTED bound to: 1'b0 
	Parameter IS_D_INVERTED bound to: 1'b0 
	Parameter IS_R_INVERTED bound to: 1'b0 
INFO: [Synth 8-113] binding component instance 'FDRE_inst' to cell 'FDRE' [/home/delinm/Documents/Embeded_Systems-main/Assign_3/FPGA_AI/src/vhdl/AI_trial/AI_trial.gen/sources_1/bd/design_1/ipshared/8842/hdl/proc_sys_reset_v5_0_vh_rfs.vhd:1392]
	Parameter INIT bound to: 1'b1 
	Parameter IS_C_INVERTED bound to: 1'b0 
	Parameter IS_D_INVERTED bound to: 1'b0 
	Parameter IS_R_INVERTED bound to: 1'b0 
INFO: [Synth 8-113] binding component instance 'FDRE_BSR' to cell 'FDRE' [/home/delinm/Documents/Embeded_Systems-main/Assign_3/FPGA_AI/src/vhdl/AI_trial/AI_trial.gen/sources_1/bd/design_1/ipshared/8842/hdl/proc_sys_reset_v5_0_vh_rfs.vhd:1408]
	Parameter INIT bound to: 1'b0 
	Parameter IS_C_INVERTED bound to: 1'b0 
	Parameter IS_D_INVERTED bound to: 1'b0 
	Parameter IS_R_INVERTED bound to: 1'b0 
INFO: [Synth 8-113] binding component instance 'FDRE_BSR_N' to cell 'FDRE' [/home/delinm/Documents/Embeded_Systems-main/Assign_3/FPGA_AI/src/vhdl/AI_trial/AI_trial.gen/sources_1/bd/design_1/ipshared/8842/hdl/proc_sys_reset_v5_0_vh_rfs.vhd:1434]
	Parameter INIT bound to: 1'b1 
	Parameter IS_C_INVERTED bound to: 1'b0 
	Parameter IS_D_INVERTED bound to: 1'b0 
	Parameter IS_R_INVERTED bound to: 1'b0 
INFO: [Synth 8-113] binding component instance 'FDRE_PER' to cell 'FDRE' [/home/delinm/Documents/Embeded_Systems-main/Assign_3/FPGA_AI/src/vhdl/AI_trial/AI_trial.gen/sources_1/bd/design_1/ipshared/8842/hdl/proc_sys_reset_v5_0_vh_rfs.vhd:1457]
	Parameter INIT bound to: 1'b0 
	Parameter IS_C_INVERTED bound to: 1'b0 
	Parameter IS_D_INVERTED bound to: 1'b0 
	Parameter IS_R_INVERTED bound to: 1'b0 
INFO: [Synth 8-113] binding component instance 'FDRE_PER_N' to cell 'FDRE' [/home/delinm/Documents/Embeded_Systems-main/Assign_3/FPGA_AI/src/vhdl/AI_trial/AI_trial.gen/sources_1/bd/design_1/ipshared/8842/hdl/proc_sys_reset_v5_0_vh_rfs.vhd:1481]
INFO: [Synth 8-638] synthesizing module 'lpf' [/home/delinm/Documents/Embeded_Systems-main/Assign_3/FPGA_AI/src/vhdl/AI_trial/AI_trial.gen/sources_1/bd/design_1/ipshared/8842/hdl/proc_sys_reset_v5_0_vh_rfs.vhd:816]
	Parameter C_EXT_RST_WIDTH bound to: 4 - type: integer 
	Parameter C_AUX_RST_WIDTH bound to: 4 - type: integer 
	Parameter C_EXT_RESET_HIGH bound to: 1'b0 
	Parameter C_AUX_RESET_HIGH bound to: 1'b0 
INFO: [Synth 8-3491] module 'SRL16' declared at '/tools/Xilinx/Vivado/2020.2/scripts/rt/data/unisim_comp.v:78018' bound to instance 'POR_SRL_I' of component 'SRL16' [/home/delinm/Documents/Embeded_Systems-main/Assign_3/FPGA_AI/src/vhdl/AI_trial/AI_trial.gen/sources_1/bd/design_1/ipshared/8842/hdl/proc_sys_reset_v5_0_vh_rfs.vhd:868]
INFO: [Synth 8-6157] synthesizing module 'SRL16' [/tools/Xilinx/Vivado/2020.2/scripts/rt/data/unisim_comp.v:78018]
	Parameter INIT bound to: 16'b0000000000000000 
INFO: [Synth 8-6155] done synthesizing module 'SRL16' (1#1) [/tools/Xilinx/Vivado/2020.2/scripts/rt/data/unisim_comp.v:78018]
INFO: [Synth 8-638] synthesizing module 'cdc_sync' [/home/delinm/Documents/Embeded_Systems-main/Assign_3/FPGA_AI/src/vhdl/AI_trial/AI_trial.gen/sources_1/bd/design_1/ipshared/ef1e/hdl/lib_cdc_v1_0_rfs.vhd:106]
	Parameter C_CDC_TYPE bound to: 1 - type: integer 
	Parameter C_RESET_STATE bound to: 0 - type: integer 
	Parameter C_SINGLE_BIT bound to: 1 - type: integer 
	Parameter C_FLOP_INPUT bound to: 0 - type: integer 
	Parameter C_VECTOR_WIDTH bound to: 2 - type: integer 
	Parameter C_MTBF_STAGES bound to: 4 - type: integer 
	Parameter INIT bound to: 1'b0 
INFO: [Synth 8-113] binding component instance 'CROSS_PLEVEL_IN2SCNDRY_IN_cdc_to' to cell 'FDR' [/home/delinm/Documents/Embeded_Systems-main/Assign_3/FPGA_AI/src/vhdl/AI_trial/AI_trial.gen/sources_1/bd/design_1/ipshared/ef1e/hdl/lib_cdc_v1_0_rfs.vhd:514]
	Parameter INIT bound to: 1'b0 
INFO: [Synth 8-113] binding component instance 'CROSS_PLEVEL_IN2SCNDRY_s_level_out_d2' to cell 'FDR' [/home/delinm/Documents/Embeded_Systems-main/Assign_3/FPGA_AI/src/vhdl/AI_trial/AI_trial.gen/sources_1/bd/design_1/ipshared/ef1e/hdl/lib_cdc_v1_0_rfs.vhd:545]
	Parameter INIT bound to: 1'b0 
INFO: [Synth 8-113] binding component instance 'CROSS_PLEVEL_IN2SCNDRY_s_level_out_d3' to cell 'FDR' [/home/delinm/Documents/Embeded_Systems-main/Assign_3/FPGA_AI/src/vhdl/AI_trial/AI_trial.gen/sources_1/bd/design_1/ipshared/ef1e/hdl/lib_cdc_v1_0_rfs.vhd:554]
	Parameter INIT bound to: 1'b0 
INFO: [Synth 8-113] binding component instance 'CROSS_PLEVEL_IN2SCNDRY_s_level_out_d4' to cell 'FDR' [/home/delinm/Documents/Embeded_Systems-main/Assign_3/FPGA_AI/src/vhdl/AI_trial/AI_trial.gen/sources_1/bd/design_1/ipshared/ef1e/hdl/lib_cdc_v1_0_rfs.vhd:564]
	Parameter INIT bound to: 1'b0 
INFO: [Synth 8-113] binding component instance 'CROSS_PLEVEL_IN2SCNDRY_s_level_out_d5' to cell 'FDR' [/home/delinm/Documents/Embeded_Systems-main/Assign_3/FPGA_AI/src/vhdl/AI_trial/AI_trial.gen/sources_1/bd/design_1/ipshared/ef1e/hdl/lib_cdc_v1_0_rfs.vhd:574]
	Parameter INIT bound to: 1'b0 
INFO: [Synth 8-113] binding component instance 'CROSS_PLEVEL_IN2SCNDRY_s_level_out_d6' to cell 'FDR' [/home/delinm/Documents/Embeded_Systems-main/Assign_3/FPGA_AI/src/vhdl/AI_trial/AI_trial.gen/sources_1/bd/design_1/ipshared/ef1e/hdl/lib_cdc_v1_0_rfs.vhd:584]
INFO: [Synth 8-256] done synthesizing module 'cdc_sync' (2#1) [/home/delinm/Documents/Embeded_Systems-main/Assign_3/FPGA_AI/src/vhdl/AI_trial/AI_trial.gen/sources_1/bd/design_1/ipshared/ef1e/hdl/lib_cdc_v1_0_rfs.vhd:106]
INFO: [Synth 8-256] done synthesizing module 'lpf' (3#1) [/home/delinm/Documents/Embeded_Systems-main/Assign_3/FPGA_AI/src/vhdl/AI_trial/AI_trial.gen/sources_1/bd/design_1/ipshared/8842/hdl/proc_sys_reset_v5_0_vh_rfs.vhd:816]
INFO: [Synth 8-638] synthesizing module 'sequence_psr' [/home/delinm/Documents/Embeded_Systems-main/Assign_3/FPGA_AI/src/vhdl/AI_trial/AI_trial.gen/sources_1/bd/design_1/ipshared/8842/hdl/proc_sys_reset_v5_0_vh_rfs.vhd:301]
INFO: [Synth 8-638] synthesizing module 'upcnt_n' [/home/delinm/Documents/Embeded_Systems-main/Assign_3/FPGA_AI/src/vhdl/AI_trial/AI_trial.gen/sources_1/bd/design_1/ipshared/8842/hdl/proc_sys_reset_v5_0_vh_rfs.vhd:125]
	Parameter C_SIZE bound to: 6 - type: integer 
INFO: [Synth 8-256] done synthesizing module 'upcnt_n' (4#1) [/home/delinm/Documents/Embeded_Systems-main/Assign_3/FPGA_AI/src/vhdl/AI_trial/AI_trial.gen/sources_1/bd/design_1/ipshared/8842/hdl/proc_sys_reset_v5_0_vh_rfs.vhd:125]
INFO: [Synth 8-256] done synthesizing module 'sequence_psr' (5#1) [/home/delinm/Documents/Embeded_Systems-main/Assign_3/FPGA_AI/src/vhdl/AI_trial/AI_trial.gen/sources_1/bd/design_1/ipshared/8842/hdl/proc_sys_reset_v5_0_vh_rfs.vhd:301]
INFO: [Synth 8-256] done synthesizing module 'proc_sys_reset' (6#1) [/home/delinm/Documents/Embeded_Systems-main/Assign_3/FPGA_AI/src/vhdl/AI_trial/AI_trial.gen/sources_1/bd/design_1/ipshared/8842/hdl/proc_sys_reset_v5_0_vh_rfs.vhd:1323]
INFO: [Synth 8-256] done synthesizing module 'design_1_rst_ps7_0_100M_0' (7#1) [/home/delinm/Documents/Embeded_Systems-main/Assign_3/FPGA_AI/src/vhdl/AI_trial/AI_trial.gen/sources_1/bd/design_1/ip/design_1_rst_ps7_0_100M_0/synth/design_1_rst_ps7_0_100M_0.vhd:74]
---------------------------------------------------------------------------------
Finished RTL Elaboration : Time (s): cpu = 00:00:04 ; elapsed = 00:00:06 . Memory (MB): peak = 2299.324 ; gain = 0.000 ; free physical = 1466 ; free virtual = 2838
---------------------------------------------------------------------------------
---------------------------------------------------------------------------------
Start Handling Custom Attributes
---------------------------------------------------------------------------------
---------------------------------------------------------------------------------
Finished Handling Custom Attributes : Time (s): cpu = 00:00:05 ; elapsed = 00:00:06 . Memory (MB): peak = 2299.324 ; gain = 0.000 ; free physical = 2119 ; free virtual = 3493
---------------------------------------------------------------------------------
---------------------------------------------------------------------------------
Finished RTL Optimization Phase 1 : Time (s): cpu = 00:00:05 ; elapsed = 00:00:06 . Memory (MB): peak = 2299.324 ; gain = 0.000 ; free physical = 2119 ; free virtual = 3493
---------------------------------------------------------------------------------
Netlist sorting complete. Time (s): cpu = 00:00:00 ; elapsed = 00:00:00 . Memory (MB): peak = 2299.324 ; gain = 0.000 ; free physical = 2098 ; free virtual = 3475
INFO: [Netlist 29-17] Analyzing 13 Unisim elements for replacement
INFO: [Netlist 29-28] Unisim Transformation completed in 0 CPU seconds
INFO: [Project 1-570] Preparing netlist for logic optimization

Processing XDC Constraints
Initializing timing engine
Parsing XDC File [/home/delinm/Documents/Embeded_Systems-main/Assign_3/FPGA_AI/src/vhdl/AI_trial/AI_trial.gen/sources_1/bd/design_1/ip/design_1_rst_ps7_0_100M_0/design_1_rst_ps7_0_100M_0_ooc.xdc] for cell 'U0'
Finished Parsing XDC File [/home/delinm/Documents/Embeded_Systems-main/Assign_3/FPGA_AI/src/vhdl/AI_trial/AI_trial.gen/sources_1/bd/design_1/ip/design_1_rst_ps7_0_100M_0/design_1_rst_ps7_0_100M_0_ooc.xdc] for cell 'U0'
Parsing XDC File [/home/delinm/Documents/Embeded_Systems-main/Assign_3/FPGA_AI/src/vhdl/AI_trial/AI_trial.gen/sources_1/bd/design_1/ip/design_1_rst_ps7_0_100M_0/design_1_rst_ps7_0_100M_0_board.xdc] for cell 'U0'
Finished Parsing XDC File [/home/delinm/Documents/Embeded_Systems-main/Assign_3/FPGA_AI/src/vhdl/AI_trial/AI_trial.gen/sources_1/bd/design_1/ip/design_1_rst_ps7_0_100M_0/design_1_rst_ps7_0_100M_0_board.xdc] for cell 'U0'
Parsing XDC File [/home/delinm/Documents/Embeded_Systems-main/Assign_3/FPGA_AI/src/vhdl/AI_trial/AI_trial.gen/sources_1/bd/design_1/ip/design_1_rst_ps7_0_100M_0/design_1_rst_ps7_0_100M_0.xdc] for cell 'U0'
Finished Parsing XDC File [/home/delinm/Documents/Embeded_Systems-main/Assign_3/FPGA_AI/src/vhdl/AI_trial/AI_trial.gen/sources_1/bd/design_1/ip/design_1_rst_ps7_0_100M_0/design_1_rst_ps7_0_100M_0.xdc] for cell 'U0'
Parsing XDC File [/home/delinm/Documents/Embeded_Systems-main/Assign_3/FPGA_AI/src/vhdl/AI_trial/AI_trial.runs/design_1_rst_ps7_0_100M_0_synth_1/dont_touch.xdc]
Finished Parsing XDC File [/home/delinm/Documents/Embeded_Systems-main/Assign_3/FPGA_AI/src/vhdl/AI_trial/AI_trial.runs/design_1_rst_ps7_0_100M_0_synth_1/dont_touch.xdc]
Completed Processing XDC Constraints

Netlist sorting complete. Time (s): cpu = 00:00:00 ; elapsed = 00:00:00 . Memory (MB): peak = 2444.938 ; gain = 0.000 ; free physical = 1977 ; free virtual = 3369
INFO: [Project 1-111] Unisim Transformation Summary:
  A total of 13 instances were transformed.
  FDR => FDRE: 12 instances
  SRL16 => SRL16E: 1 instance 

Constraint Validation Runtime : Time (s): cpu = 00:00:00.01 ; elapsed = 00:00:00.02 . Memory (MB): peak = 2444.938 ; gain = 0.000 ; free physical = 1976 ; free virtual = 3367
---------------------------------------------------------------------------------
Finished Constraint Validation : Time (s): cpu = 00:00:09 ; elapsed = 00:00:11 . Memory (MB): peak = 2444.938 ; gain = 145.613 ; free physical = 1963 ; free virtual = 3374
---------------------------------------------------------------------------------
---------------------------------------------------------------------------------
Start Loading Part and Timing Information
---------------------------------------------------------------------------------
Loading part: xc7z020clg400-1
---------------------------------------------------------------------------------
Finished Loading Part and Timing Information : Time (s): cpu = 00:00:09 ; elapsed = 00:00:11 . Memory (MB): peak = 2444.938 ; gain = 145.613 ; free physical = 1963 ; free virtual = 3374
---------------------------------------------------------------------------------
---------------------------------------------------------------------------------
Start Applying 'set_property' XDC Constraints
---------------------------------------------------------------------------------
Applied set_property KEEP_HIERARCHY = SOFT for U0. (constraint file  /home/delinm/Documents/Embeded_Systems-main/Assign_3/FPGA_AI/src/vhdl/AI_trial/AI_trial.runs/design_1_rst_ps7_0_100M_0_synth_1/dont_touch.xdc, line 9).
---------------------------------------------------------------------------------
Finished applying 'set_property' XDC Constraints : Time (s): cpu = 00:00:09 ; elapsed = 00:00:11 . Memory (MB): peak = 2444.938 ; gain = 145.613 ; free physical = 1963 ; free virtual = 3374
---------------------------------------------------------------------------------
---------------------------------------------------------------------------------
Finished RTL Optimization Phase 2 : Time (s): cpu = 00:00:09 ; elapsed = 00:00:11 . Memory (MB): peak = 2444.938 ; gain = 145.613 ; free physical = 1949 ; free virtual = 3361
---------------------------------------------------------------------------------
---------------------------------------------------------------------------------
Start RTL Component Statistics 
---------------------------------------------------------------------------------
Detailed RTL Component Info : 
+---Adders : 
	   2 Input    6 Bit       Adders := 1     
+---Registers : 
	                6 Bit    Registers := 1     
	                3 Bit    Registers := 3     
	                1 Bit    Registers := 8     
+---Muxes : 
	   2 Input    6 Bit        Muxes := 1     
	   2 Input    1 Bit        Muxes := 1     
---------------------------------------------------------------------------------
Finished RTL Component Statistics 
---------------------------------------------------------------------------------
---------------------------------------------------------------------------------
Start Part Resource Summary
---------------------------------------------------------------------------------
Part Resources:
DSPs: 220 (col length:60)
BRAMs: 280 (col length: RAMB18 60 RAMB36 30)
---------------------------------------------------------------------------------
Finished Part Resource Summary
---------------------------------------------------------------------------------
---------------------------------------------------------------------------------
Start Cross Boundary and Area Optimization
---------------------------------------------------------------------------------
---------------------------------------------------------------------------------
Finished Cross Boundary and Area Optimization : Time (s): cpu = 00:00:10 ; elapsed = 00:00:11 . Memory (MB): peak = 2444.938 ; gain = 145.613 ; free physical = 1900 ; free virtual = 3316
---------------------------------------------------------------------------------
---------------------------------------------------------------------------------
Start Applying XDC Timing Constraints
---------------------------------------------------------------------------------
---------------------------------------------------------------------------------
Finished Applying XDC Timing Constraints : Time (s): cpu = 00:00:14 ; elapsed = 00:00:16 . Memory (MB): peak = 2444.938 ; gain = 145.613 ; free physical = 1459 ; free virtual = 2886
---------------------------------------------------------------------------------
---------------------------------------------------------------------------------
Start Timing Optimization
---------------------------------------------------------------------------------
---------------------------------------------------------------------------------
Finished Timing Optimization : Time (s): cpu = 00:00:14 ; elapsed = 00:00:16 . Memory (MB): peak = 2444.938 ; gain = 145.613 ; free physical = 1446 ; free virtual = 2873
---------------------------------------------------------------------------------
---------------------------------------------------------------------------------
Start Technology Mapping
---------------------------------------------------------------------------------
---------------------------------------------------------------------------------
Finished Technology Mapping : Time (s): cpu = 00:00:14 ; elapsed = 00:00:16 . Memory (MB): peak = 2444.938 ; gain = 145.613 ; free physical = 1438 ; free virtual = 2865
---------------------------------------------------------------------------------
---------------------------------------------------------------------------------
Start IO Insertion
---------------------------------------------------------------------------------
---------------------------------------------------------------------------------
Start Flattening Before IO Insertion
---------------------------------------------------------------------------------
---------------------------------------------------------------------------------
Finished Flattening Before IO Insertion
---------------------------------------------------------------------------------
---------------------------------------------------------------------------------
Start Final Netlist Cleanup
---------------------------------------------------------------------------------
---------------------------------------------------------------------------------
Finished Final Netlist Cleanup
---------------------------------------------------------------------------------
---------------------------------------------------------------------------------
Finished IO Insertion : Time (s): cpu = 00:00:16 ; elapsed = 00:00:18 . Memory (MB): peak = 2444.938 ; gain = 145.613 ; free physical = 1609 ; free virtual = 3036
---------------------------------------------------------------------------------
---------------------------------------------------------------------------------
Start Renaming Generated Instances
---------------------------------------------------------------------------------
---------------------------------------------------------------------------------
Finished Renaming Generated Instances : Time (s): cpu = 00:00:16 ; elapsed = 00:00:18 . Memory (MB): peak = 2444.938 ; gain = 145.613 ; free physical = 1609 ; free virtual = 3036
---------------------------------------------------------------------------------
---------------------------------------------------------------------------------
Start Rebuilding User Hierarchy
---------------------------------------------------------------------------------
---------------------------------------------------------------------------------
Finished Rebuilding User Hierarchy : Time (s): cpu = 00:00:16 ; elapsed = 00:00:18 . Memory (MB): peak = 2444.938 ; gain = 145.613 ; free physical = 1608 ; free virtual = 3036
---------------------------------------------------------------------------------
---------------------------------------------------------------------------------
Start Renaming Generated Ports
---------------------------------------------------------------------------------
---------------------------------------------------------------------------------
Finished Renaming Generated Ports : Time (s): cpu = 00:00:16 ; elapsed = 00:00:18 . Memory (MB): peak = 2444.938 ; gain = 145.613 ; free physical = 1608 ; free virtual = 3036
---------------------------------------------------------------------------------
---------------------------------------------------------------------------------
Start Handling Custom Attributes
---------------------------------------------------------------------------------
---------------------------------------------------------------------------------
Finished Handling Custom Attributes : Time (s): cpu = 00:00:16 ; elapsed = 00:00:18 . Memory (MB): peak = 2444.938 ; gain = 145.613 ; free physical = 1608 ; free virtual = 3036
---------------------------------------------------------------------------------
---------------------------------------------------------------------------------
Start Renaming Generated Nets
---------------------------------------------------------------------------------
---------------------------------------------------------------------------------
Finished Renaming Generated Nets : Time (s): cpu = 00:00:16 ; elapsed = 00:00:18 . Memory (MB): peak = 2444.938 ; gain = 145.613 ; free physical = 1608 ; free virtual = 3036
---------------------------------------------------------------------------------
---------------------------------------------------------------------------------
Start Writing Synthesis Report
---------------------------------------------------------------------------------

Report BlackBoxes: 
+-+--------------+----------+
| |BlackBox name |Instances |
+-+--------------+----------+
+-+--------------+----------+

Report Cell Usage: 
+------+------+------+
|      |Cell  |Count |
+------+------+------+
|1     |LUT1  |     5|
|2     |LUT2  |     9|
|3     |LUT3  |     1|
|4     |LUT4  |     6|
|5     |LUT5  |     3|
|6     |LUT6  |     1|
|7     |SRL16 |     1|
|8     |FDR   |     8|
|9     |FDRE  |    28|
|10    |FDSE  |     4|
+------+------+------+
---------------------------------------------------------------------------------
Finished Writing Synthesis Report : Time (s): cpu = 00:00:16 ; elapsed = 00:00:18 . Memory (MB): peak = 2444.938 ; gain = 145.613 ; free physical = 1608 ; free virtual = 3035
---------------------------------------------------------------------------------
Synthesis finished with 0 errors, 0 critical warnings and 0 warnings.
Synthesis Optimization Runtime : Time (s): cpu = 00:00:15 ; elapsed = 00:00:17 . Memory (MB): peak = 2444.938 ; gain = 0.000 ; free physical = 1655 ; free virtual = 3083
Synthesis Optimization Complete : Time (s): cpu = 00:00:16 ; elapsed = 00:00:18 . Memory (MB): peak = 2444.938 ; gain = 145.613 ; free physical = 1655 ; free virtual = 3083
INFO: [Project 1-571] Translating synthesized netlist
Netlist sorting complete. Time (s): cpu = 00:00:00 ; elapsed = 00:00:00 . Memory (MB): peak = 2444.938 ; gain = 0.000 ; free physical = 1653 ; free virtual = 3081
INFO: [Netlist 29-17] Analyzing 9 Unisim elements for replacement
INFO: [Netlist 29-28] Unisim Transformation completed in 0 CPU seconds
INFO: [Project 1-570] Preparing netlist for logic optimization
INFO: [Opt 31-138] Pushed 0 inverter(s) to 0 load pin(s).
Netlist sorting complete. Time (s): cpu = 00:00:00 ; elapsed = 00:00:00 . Memory (MB): peak = 2444.938 ; gain = 0.000 ; free physical = 1630 ; free virtual = 3058
INFO: [Project 1-111] Unisim Transformation Summary:
  A total of 9 instances were transformed.
  FDR => FDRE: 8 instances
  SRL16 => SRL16E: 1 instance 

INFO: [Common 17-83] Releasing license: Synthesis
46 Infos, 0 Warnings, 0 Critical Warnings and 0 Errors encountered.
synth_design completed successfully
synth_design: Time (s): cpu = 00:00:25 ; elapsed = 00:00:22 . Memory (MB): peak = 2444.938 ; gain = 145.844 ; free physical = 1762 ; free virtual = 3190
INFO: [Common 17-1381] The checkpoint '/home/delinm/Documents/Embeded_Systems-main/Assign_3/FPGA_AI/src/vhdl/AI_trial/AI_trial.runs/design_1_rst_ps7_0_100M_0_synth_1/design_1_rst_ps7_0_100M_0.dcp' has been generated.
WARNING: [Common 17-576] 'use_project_ipc' is deprecated. This option is deprecated and no longer used.
INFO: [Coretcl 2-1648] Added synthesis output to IP cache for IP design_1_rst_ps7_0_100M_0, cache-ID = 77528bdc2a8e3dea
INFO: [Coretcl 2-1174] Renamed 6 cell refs.
INFO: [Common 17-1381] The checkpoint '/home/delinm/Documents/Embeded_Systems-main/Assign_3/FPGA_AI/src/vhdl/AI_trial/AI_trial.runs/design_1_rst_ps7_0_100M_0_synth_1/design_1_rst_ps7_0_100M_0.dcp' has been generated.
INFO: [runtcl-4] Executing : report_utilization -file design_1_rst_ps7_0_100M_0_utilization_synth.rpt -pb design_1_rst_ps7_0_100M_0_utilization_synth.pb
INFO: [Common 17-206] Exiting Vivado at Tue Nov 11 15:52:52 2025...
